<?xml version="1.0" encoding="UTF-8"?>
<testsuite name="com.example.crisisreporting.ReportWizardViewModelTest" tests="4" skipped="0" failures="0" errors="0" timestamp="2026-09-16T11:47:49.440Z" hostname="tshepos-Mac-mini.local" time="0.005">
  <properties/>
  <testcase name="goBack_navigatesToPreviousStep" classname="com.example.crisisreporting.ReportWizardViewModelTest" time="0.003"/>
  <testcase name="selectCategory_advancesToDescriptionStep" classname="com.example.crisisreporting.ReportWizardViewModelTest" time="0.0"/>
  <testcase name="initialStep_isCategory" classname="com.example.crisisreporting.ReportWizardViewModelTest" time="0.0"/>
  <testcase name="wizardFlow_completesAllSteps" classname="com.example.crisisreporting.ReportWizardViewModelTest" time="0.002"/>
  <system-out><![CDATA[]]></system-out>
  <system-err><![CDATA[]]></system-err>
</testsuite>
