<?xml version="1.0" encoding="UTF-8"?>
<testsuite name="com.example.crisisreporting.MockReportRepositoryTest" tests="5" skipped="0" failures="0" errors="0" timestamp="2026-09-16T11:47:49.392Z" hostname="tshepos-Mac-mini.local" time="0.047">
  <properties/>
  <testcase name="addMeToo_incrementsMeTooCount" classname="com.example.crisisreporting.MockReportRepositoryTest" time="0.044"/>
  <testcase name="submitReport_addsNewReport" classname="com.example.crisisreporting.MockReportRepositoryTest" time="0.001"/>
  <testcase name="getReportById_returnsCorrectReport" classname="com.example.crisisreporting.MockReportRepositoryTest" time="0.001"/>
  <testcase name="flagAsCrisis_updatesReportStatusToEscalated" classname="com.example.crisisreporting.MockReportRepositoryTest" time="0.0"/>
  <testcase name="getReports_returnsInitialSampleReports" classname="com.example.crisisreporting.MockReportRepositoryTest" time="0.001"/>
  <system-out><![CDATA[]]></system-out>
  <system-err><![CDATA[]]></system-err>
</testsuite>
